# Домашнее задание к занятию «Индексы»

### Инструкция по выполнению домашнего задания

1. Сделайте fork [репозитория c шаблоном решения](https://github.com/netology-code/sys-pattern-homework) к себе в Github и переименуйте его по названию или номеру занятия, например, https://github.com/имя-вашего-репозитория/gitlab-hw или https://github.com/имя-вашего-репозитория/8-03-hw).
2. Выполните клонирование этого репозитория к себе на ПК с помощью команды `git clone`.
3. Выполните домашнее задание и заполните у себя локально этот файл README.md:
   - впишите вверху название занятия и ваши фамилию и имя;
   - в каждом задании добавьте решение в требуемом виде: текст/код/скриншоты/ссылка;
   - для корректного добавления скриншотов воспользуйтесь инструкцией [«Как вставить скриншот в шаблон с решением»](https://github.com/netology-code/sys-pattern-homework/blob/main/screen-instruction.md);
   - при оформлении используйте возможности языка разметки md. Коротко об этом можно посмотреть в [инструкции по MarkDown](https://github.com/netology-code/sys-pattern-homework/blob/main/md-instruction.md).
4. После завершения работы над домашним заданием сделайте коммит (`git commit -m "comment"`) и отправьте его на Github (`git push origin`).
5. Для проверки домашнего задания преподавателем в личном кабинете прикрепите и отправьте ссылку на решение в виде md-файла в вашем Github.
6. Любые вопросы задавайте в чате учебной группы и/или в разделе «Вопросы по заданию» в личном кабинете.

Желаем успехов в выполнении домашнего задания.

### Задание 1

Напишите запрос к учебной базе данных, который вернёт процентное отношение общего размера всех индексов к общему размеру всех таблиц.

### Решение 1

<detais>

select round (sum(index_length) / sum(data_length) \* 100) as '% index'
from INFORMATION_SCHEMA.TABLES;

![1](https://github.com/RaffaelX/sys-gitlab-hw/blob/main/SQL%20Index/img/1.PNG)

</details>

### Задание 2

Выполните explain analyze следующего запроса:
```sql
select distinct concat(c.last_name, ' ', c.first_name), sum(p.amount) over (partition by c.customer_id, f.title)
from payment p, rental r, customer c, inventory i, film f
where date(p.payment_date) = '2005-07-30' and p.payment_date = r.rental_date and r.customer_id = c.customer_id and i.inventory_id = r.inventory_id
```
- перечислите узкие места;
- оптимизируйте запрос: внесите корректировки по использованию операторов, при необходимости добавьте индексы.
### Решение 2

<details>

Данное задание не совсем понятно, т.к. нет условий, что требуется от запроса на простом языке. Отсюда не понятно, что можно убрать из запроса, а что нет 
	Данный запрос выдает платежи людей, взявших в аренду фильмы 2005-07-30
Стоимость данного запроса

```sql
EXPLAIN ANALYZE
select distinct concat(c.last_name, ' ', c.first_name), sum(p.amount) over (partition by c.customer_id, f.title)
from payment p, rental r, customer c, inventory i, film f
where date(p.payment_date) = '2005-07-30' and p.payment_date = r.rental_date and r.customer_id = c.customer_id and i.inventory_id = r.inventory_id

Limit: 200 row(s)  (cost=0..0 rows=0) (actual time=10099..10099 rows=200 loops=1)
    -> Table scan on <temporary>  (cost=2.5..2.5 rows=0) (actual time=10099..10099 rows=200 loops=1)
        -> Temporary table with deduplication  (cost=0..0 rows=0) (actual time=10099..10099 rows=391 loops=1)
            -> Window aggregate with buffering: sum(payment.amount) OVER (PARTITION BY c.customer_id,f.title )   (actual time=4081..9718 rows=642000 loops=1)
                -> Sort: c.customer_id, f.title  (actual time=4081..4248 rows=642000 loops=1)
                    -> Stream results  (cost=22.8e+6 rows=17.1e+6) (actual time=0.606..2991 rows=642000 loops=1)
                        -> Nested loop inner join  (cost=22.8e+6 rows=17.1e+6) (actual time=0.601..2397 rows=642000 loops=1)
                            -> Nested loop inner join  (cost=21.1e+6 rows=17.1e+6) (actual time=0.596..2050 rows=642000 loops=1)
                                -> Nested loop inner join  (cost=19.3e+6 rows=17.1e+6) (actual time=0.591..1682 rows=642000 loops=1)
                                    -> Inner hash join (no condition)  (cost=1.65e+6 rows=16.5e+6) (actual time=0.579..94.2 rows=634000 loops=1)
                                        -> Filter: (cast(p.payment_date as date) = '2005-07-30')  (cost=1.72 rows=16500) (actual time=0.051..12.4 rows=634 loops=1)
                                            -> Table scan on p  (cost=1.72 rows=16500) (actual time=0.0314..7.2 rows=16044 loops=1)
                                        -> Hash
                                            -> Covering index scan on f using idx_title  (cost=112 rows=1000) (actual time=0.0514..0.367 rows=1000 loops=1)
                                    -> Covering index lookup on r using rental_date (rental_date=p.payment_date)  (cost=0.969 rows=1.04) (actual time=0.00161..0.00225 rows=1.01 loops=634000)
                                -> Single-row index lookup on c using PRIMARY (customer_id=r.customer_id)  (cost=250e-6 rows=1) (actual time=295e-6..329e-6 rows=1 loops=642000)
                            -> Single-row covering index lookup on i using PRIMARY (inventory_id=r.inventory_id)  (cost=250e-6 rows=1) (actual time=266e-6..301e-6 rows=1 loops=642000)
```

По-своему усмотрению я сделал следующим образом:
Добавил индекс

```sql
create index payment_payment_date_index
    on payment (payment_date);
```
Убрал лишние отношения:

```sql
select concat(c.last_name, ' ', c.first_name) as name, sum(payment.amount) as total
from payment
         join customer c on c.customer_id = payment.customer_id
         where payment_date >= '2005-07-30' and payment_date < DATE_ADD('2005-07-30', INTERVAL 1 DAY)
group by payment.customer_id

EXPLAIN ANALYZE
select concat(c.last_name, ' ', c.first_name) as name, sum(payment.amount) as total
from payment
         join customer c on c.customer_id = payment.customer_id
         where payment_date >= '2005-07-30' and payment_date < DATE_ADD('2005-07-30', INTERVAL 1 DAY)
group by payment.customer_id

-> Limit: 200 row(s)  (actual time=3.11..3.16 rows=200 loops=1)
    -> Table scan on <temporary>  (actual time=3.1..3.14 rows=200 loops=1)
        -> Aggregate using temporary table  (actual time=3.1..3.1 rows=391 loops=1)
            -> Nested loop inner join  (cost=507 rows=634) (actual time=0.0272..2.32 rows=634 loops=1)
                -> Index range scan on payment using payment_payment_date_index over ('2005-07-30 00:00:00' <= payment_date < '2005-07-31 00:00:00'), with index condition: ((payment.payment_date >= TIMESTAMP'2005-07-30 00:00:00') and (payment.payment_date < <cache>(('2005-07-30' + interval 1 day))))  (cost=286 rows=634) (actual time=0.0205..1.26 rows=634 loops=1)
                -> Single-row index lookup on c using PRIMARY (customer_id=payment.customer_id)  (cost=0.25 rows=1) (actual time=0.00136..0.00139 rows=1 loops=634)

```

![2](https://github.com/RaffaelX/sys-gitlab-hw/blob/main/SQL%20Index/img/2.PNG)


</details>

## Дополнительные задания (со звёздочкой*)
Эти задания дополнительные, то есть не обязательные к выполнению, и никак не повлияют на получение вами зачёта по этому домашнему заданию. Вы можете их выполнить, если хотите глубже шире разобраться в материале.

### Задание 3*

Самостоятельно изучите, какие типы индексов используются в PostgreSQL. Перечислите те индексы, которые используются в PostgreSQL, а в MySQL — нет.

*Приведите ответ в свободной форме.*
